Started POST "/weight_histories" for ::1 at 2022-10-11 23:21:53 +0900
  [1m[36mActiveRecord::SchemaMigration Pluck (0.2ms)[0m  [1m[34mSELECT "schema_migrations"."version" FROM "schema_migrations" ORDER BY "schema_migrations"."version" ASC[0m
Processing by WeightHistoriesController#create as HTML
  Parameters: {"authenticity_token"=>"[FILTERED]", "weight_history"=>{"user_id"=>"2", "weight"=>"0", "memo"=>"1"}, "commit"=>"Create Weight history"}
Started GET "/weight_histories" for ::1 at 2022-10-11 23:22:11 +0900
  [1m[36mActiveRecord::SchemaMigration Pluck (0.3ms)[0m  [1m[34mSELECT "schema_migrations"."version" FROM "schema_migrations" ORDER BY "schema_migrations"."version" ASC[0m
Processing by WeightHistoriesController#index as HTML
  Rendering layout layouts/application.html.erb
  Rendering weight_histories/index.html.erb within layouts/application
  [1m[36mWeightHistory Load (0.2ms)[0m  [1m[34mSELECT "weight_histories".* FROM "weight_histories"[0m
  â†³ app/views/weight_histories/index.html.erb:6
  [1m[36mUser Load (0.4ms)[0m  [1m[34mSELECT "users".* FROM "users" WHERE "users"."id" = ? LIMIT ?[0m  [["id", 1], ["LIMIT", 1]]
  â†³ app/views/weight_histories/_weight_history.html.erb:4
  Rendered weight_histories/_weight_history.html.erb (Duration: 42.9ms | Allocations: 21311)
  [1m[36mUser Load (0.3ms)[0m  [1m[34mSELECT "users".* FROM "users" WHERE "users"."id" = ? LIMIT ?[0m  [["id", 2], ["LIMIT", 1]]
  â†³ app/views/weight_histories/_weight_history.html.erb:4
  Rendered weight_histories/_weight_history.html.erb (Duration: 3.5ms | Allocations: 652)
  Rendered weight_histories/index.html.erb within layouts/application (Duration: 82.8ms | Allocations: 38902)
  Rendered layout layouts/application.html.erb (Duration: 165.9ms | Allocations: 59810)
Completed 200 OK in 197ms (Views: 173.3ms | ActiveRecord: 2.3ms | Allocations: 67196)


Started GET "/weight_histories" for ::1 at 2022-10-11 23:22:24 +0900
Processing by WeightHistoriesController#index as HTML
  Rendering layout layouts/application.html.erb
  Rendering weight_histories/index.html.erb within layouts/application
  [1m[36mWeightHistory Load (0.1ms)[0m  [1m[34mSELECT "weight_histories".* FROM "weight_histories"[0m
  â†³ app/views/weight_histories/index.html.erb:6
  [1m[36mUser Load (0.1ms)[0m  [1m[34mSELECT "users".* FROM "users" WHERE "users"."id" = ? LIMIT ?[0m  [["id", 1], ["LIMIT", 1]]
  â†³ app/views/weight_histories/_weight_history.html.erb:4
  Rendered weight_histories/_weight_history.html.erb (Duration: 1.9ms | Allocations: 653)
  [1m[36mUser Load (0.1ms)[0m  [1m[34mSELECT "users".* FROM "users" WHERE "users"."id" = ? LIMIT ?[0m  [["id", 2], ["LIMIT", 1]]
  â†³ app/views/weight_histories/_weight_history.html.erb:4
  Rendered weight_histories/_weight_history.html.erb (Duration: 1.8ms | Allocations: 652)
  Rendered weight_histories/index.html.erb within layouts/application (Duration: 8.1ms | Allocations: 2258)
  Rendered layout layouts/application.html.erb (Duration: 11.9ms | Allocations: 3266)
Completed 200 OK in 13ms (Views: 12.0ms | ActiveRecord: 0.3ms | Allocations: 3521)


  [1m[36mTRANSACTION (0.1ms)[0m  [1m[36mbegin transaction[0m
  [1m[36mUser Create (0.4ms)[0m  [1m[32mINSERT INTO "users" ("name", "age", "created_at", "updated_at") VALUES (?, ?, ?, ?)[0m  [["name", "Cã•ã‚“"], ["age", 30], ["created_at", "2022-10-11 14:23:51.637205"], ["updated_at", "2022-10-11 14:23:51.637205"]]
  [1m[36mTRANSACTION (1.3ms)[0m  [1m[36mcommit transaction[0m
Started GET "/weight_histories" for ::1 at 2022-10-11 23:24:03 +0900
  [1m[36mActiveRecord::SchemaMigration Pluck (0.2ms)[0m  [1m[34mSELECT "schema_migrations"."version" FROM "schema_migrations" ORDER BY "schema_migrations"."version" ASC[0m
Processing by WeightHistoriesController#index as HTML
  Rendering layout layouts/application.html.erb
  Rendering weight_histories/index.html.erb within layouts/application
  [1m[36mWeightHistory Load (0.4ms)[0m  [1m[34mSELECT "weight_histories".* FROM "weight_histories"[0m
  â†³ app/views/weight_histories/index.html.erb:6
  [1m[36mUser Load (0.2ms)[0m  [1m[34mSELECT "users".* FROM "users" WHERE "users"."id" = ? LIMIT ?[0m  [["id", 1], ["LIMIT", 1]]
  â†³ app/views/weight_histories/_weight_history.html.erb:4
  Rendered weight_histories/_weight_history.html.erb (Duration: 21.3ms | Allocations: 21289)
  [1m[36mUser Load (0.1ms)[0m  [1m[34mSELECT "users".* FROM "users" WHERE "users"."id" = ? LIMIT ?[0m  [["id", 2], ["LIMIT", 1]]
  â†³ app/views/weight_histories/_weight_history.html.erb:4
  Rendered weight_histories/_weight_history.html.erb (Duration: 1.3ms | Allocations: 652)
  Rendered weight_histories/index.html.erb within layouts/application (Duration: 61.9ms | Allocations: 38868)
  Rendered layout layouts/application.html.erb (Duration: 129.1ms | Allocations: 59440)
Completed 200 OK in 149ms (Views: 136.2ms | ActiveRecord: 2.2ms | Allocations: 66826)


Started GET "/weight_histories/new" for ::1 at 2022-10-11 23:24:06 +0900
Processing by WeightHistoriesController#new as HTML
  Rendering layout layouts/application.html.erb
  Rendering weight_histories/new.html.erb within layouts/application
  Rendered weight_histories/_form.html.erb (Duration: 9.3ms | Allocations: 3763)
  Rendered weight_histories/new.html.erb within layouts/application (Duration: 10.8ms | Allocations: 4054)
  Rendered layout layouts/application.html.erb (Duration: 13.0ms | Allocations: 5063)
Completed 200 OK in 16ms (Views: 13.7ms | ActiveRecord: 0.0ms | Allocations: 5382)


Started POST "/weight_histories" for ::1 at 2022-10-11 23:24:18 +0900
Processing by WeightHistoriesController#create as HTML
  Parameters: {"authenticity_token"=>"[FILTERED]", "weight_history"=>{"user_id"=>"3", "weight"=>"0", "memo"=>""}, "commit"=>"Create Weight history"}
Started GET "/weight_histories" for ::1 at 2022-10-11 23:24:42 +0900
  [1m[36mActiveRecord::SchemaMigration Pluck (0.1ms)[0m  [1m[34mSELECT "schema_migrations"."version" FROM "schema_migrations" ORDER BY "schema_migrations"."version" ASC[0m
Processing by WeightHistoriesController#index as HTML
  Rendering layout layouts/application.html.erb
  Rendering weight_histories/index.html.erb within layouts/application
  [1m[36mWeightHistory Load (0.2ms)[0m  [1m[34mSELECT "weight_histories".* FROM "weight_histories"[0m
  â†³ app/views/weight_histories/index.html.erb:6
  [1m[36mUser Load (0.3ms)[0m  [1m[34mSELECT "users".* FROM "users" WHERE "users"."id" = ? LIMIT ?[0m  [["id", 1], ["LIMIT", 1]]
  â†³ app/views/weight_histories/_weight_history.html.erb:4
  Rendered weight_histories/_weight_history.html.erb (Duration: 24.5ms | Allocations: 21264)
  [1m[36mUser Load (0.2ms)[0m  [1m[34mSELECT "users".* FROM "users" WHERE "users"."id" = ? LIMIT ?[0m  [["id", 2], ["LIMIT", 1]]
  â†³ app/views/weight_histories/_weight_history.html.erb:4
  Rendered weight_histories/_weight_history.html.erb (Duration: 1.8ms | Allocations: 652)
  Rendered weight_histories/index.html.erb within layouts/application (Duration: 41.7ms | Allocations: 38849)
  Rendered layout layouts/application.html.erb (Duration: 75.5ms | Allocations: 59658)
Completed 200 OK in 89ms (Views: 76.6ms | ActiveRecord: 1.7ms | Allocations: 67044)


Started GET "/weight_histories/2" for ::1 at 2022-10-11 23:24:44 +0900
Processing by WeightHistoriesController#show as HTML
  Parameters: {"id"=>"2"}
  [1m[36mWeightHistory Load (0.2ms)[0m  [1m[34mSELECT "weight_histories".* FROM "weight_histories" WHERE "weight_histories"."id" = ? LIMIT ?[0m  [["id", 2], ["LIMIT", 1]]
  â†³ app/controllers/weight_histories_controller.rb:61:in `set_weight_history'
  Rendering layout layouts/application.html.erb
  Rendering weight_histories/show.html.erb within layouts/application
  [1m[36mUser Load (0.1ms)[0m  [1m[34mSELECT "users".* FROM "users" WHERE "users"."id" = ? LIMIT ?[0m  [["id", 2], ["LIMIT", 1]]
  â†³ app/views/weight_histories/_weight_history.html.erb:4
  Rendered weight_histories/_weight_history.html.erb (Duration: 1.4ms | Allocations: 649)
  Rendered weight_histories/show.html.erb within layouts/application (Duration: 3.5ms | Allocations: 1404)
  Rendered layout layouts/application.html.erb (Duration: 5.4ms | Allocations: 2404)
Completed 200 OK in 9ms (Views: 6.2ms | ActiveRecord: 0.3ms | Allocations: 3751)


Started GET "/weight_histories" for ::1 at 2022-10-11 23:24:46 +0900
Processing by WeightHistoriesController#index as HTML
  Rendering layout layouts/application.html.erb
  Rendering weight_histories/index.html.erb within layouts/application
  [1m[36mWeightHistory Load (0.2ms)[0m  [1m[34mSELECT "weight_histories".* FROM "weight_histories"[0m
  â†³ app/views/weight_histories/index.html.erb:6
  [1m[36mUser Load (0.1ms)[0m  [1m[34mSELECT "users".* FROM "users" WHERE "users"."id" = ? LIMIT ?[0m  [["id", 1], ["LIMIT", 1]]
  â†³ app/views/weight_histories/_weight_history.html.erb:4
  Rendered weight_histories/_weight_history.html.erb (Duration: 2.7ms | Allocations: 652)
  [1m[36mUser Load (0.1ms)[0m  [1m[34mSELECT "users".* FROM "users" WHERE "users"."id" = ? LIMIT ?[0m  [["id", 2], ["LIMIT", 1]]
  â†³ app/views/weight_histories/_weight_history.html.erb:4
  Rendered weight_histories/_weight_history.html.erb (Duration: 1.9ms | Allocations: 652)
  Rendered weight_histories/index.html.erb within layouts/application (Duration: 7.8ms | Allocations: 2238)
  Rendered layout layouts/application.html.erb (Duration: 11.6ms | Allocations: 3246)
Completed 200 OK in 12ms (Views: 11.6ms | ActiveRecord: 0.4ms | Allocations: 3501)


Started GET "/weight_histories/new" for ::1 at 2022-10-11 23:25:05 +0900
Processing by WeightHistoriesController#new as HTML
  Rendering layout layouts/application.html.erb
  Rendering weight_histories/new.html.erb within layouts/application
  Rendered weight_histories/_form.html.erb (Duration: 7.7ms | Allocations: 3760)
  Rendered weight_histories/new.html.erb within layouts/application (Duration: 8.9ms | Allocations: 4047)
  Rendered layout layouts/application.html.erb (Duration: 10.4ms | Allocations: 5055)
Completed 200 OK in 18ms (Views: 11.5ms | ActiveRecord: 0.5ms | Allocations: 9029)


Started POST "/weight_histories" for ::1 at 2022-10-11 23:25:10 +0900
Processing by WeightHistoriesController#create as HTML
  Parameters: {"authenticity_token"=>"[FILTERED]", "weight_history"=>{"user_id"=>"3", "weight"=>"0", "memo"=>""}, "commit"=>"Create Weight history"}
  [1m[36mTRANSACTION (0.1ms)[0m  [1m[36mbegin transaction[0m
  â†³ app/controllers/weight_histories_controller.rb:24:in `create'
  [1m[36mUser Load (0.1ms)[0m  [1m[34mSELECT "users".* FROM "users" WHERE "users"."id" = ? LIMIT ?[0m  [["id", 3], ["LIMIT", 1]]
  â†³ app/controllers/weight_histories_controller.rb:24:in `create'
  [1m[36mTRANSACTION (0.1ms)[0m  [1m[31mrollback transaction[0m
  â†³ app/controllers/weight_histories_controller.rb:24:in `create'
  Rendering layout layouts/application.html.erb
  Rendering weight_histories/new.html.erb within layouts/application
  Rendered weight_histories/_form.html.erb (Duration: 1.7ms | Allocations: 1332)
  Rendered weight_histories/new.html.erb within layouts/application (Duration: 1.9ms | Allocations: 1412)
  Rendered layout layouts/application.html.erb (Duration: 3.5ms | Allocations: 2420)
Completed 422 Unprocessable Entity in 14ms (Views: 4.0ms | ActiveRecord: 0.5ms | Allocations: 9042)


Started POST "/weight_histories" for ::1 at 2022-10-11 23:25:14 +0900
Processing by WeightHistoriesController#create as HTML
  Parameters: {"authenticity_token"=>"[FILTERED]", "weight_history"=>{"user_id"=>"3", "weight"=>"5", "memo"=>""}, "commit"=>"Create Weight history"}
  [1m[36mTRANSACTION (0.1ms)[0m  [1m[36mbegin transaction[0m
  â†³ app/controllers/weight_histories_controller.rb:24:in `create'
  [1m[36mUser Load (0.1ms)[0m  [1m[34mSELECT "users".* FROM "users" WHERE "users"."id" = ? LIMIT ?[0m  [["id", 3], ["LIMIT", 1]]
  â†³ app/controllers/weight_histories_controller.rb:24:in `create'
  [1m[36mWeightHistory Create (0.7ms)[0m  [1m[32mINSERT INTO "weight_histories" ("user_id", "weight", "memo", "created_at", "updated_at") VALUES (?, ?, ?, ?, ?)[0m  [["user_id", 3], ["weight", 5], ["memo", ""], ["created_at", "2022-10-11 14:25:14.204534"], ["updated_at", "2022-10-11 14:25:14.204534"]]
  â†³ app/controllers/weight_histories_controller.rb:24:in `create'
  [1m[36mTRANSACTION (1.0ms)[0m  [1m[36mcommit transaction[0m
  â†³ app/controllers/weight_histories_controller.rb:24:in `create'
Redirected to http://localhost:3000/weight_histories/3
Completed 302 Found in 10ms (ActiveRecord: 1.8ms | Allocations: 3507)


Started GET "/weight_histories/3" for ::1 at 2022-10-11 23:25:14 +0900
Processing by WeightHistoriesController#show as HTML
  Parameters: {"id"=>"3"}
  [1m[36mWeightHistory Load (0.2ms)[0m  [1m[34mSELECT "weight_histories".* FROM "weight_histories" WHERE "weight_histories"."id" = ? LIMIT ?[0m  [["id", 3], ["LIMIT", 1]]
  â†³ app/controllers/weight_histories_controller.rb:60:in `set_weight_history'
  Rendering layout layouts/application.html.erb
  Rendering weight_histories/show.html.erb within layouts/application
  [1m[36mUser Load (0.1ms)[0m  [1m[34mSELECT "users".* FROM "users" WHERE "users"."id" = ? LIMIT ?[0m  [["id", 3], ["LIMIT", 1]]
  â†³ app/views/weight_histories/_weight_history.html.erb:4
  Rendered weight_histories/_weight_history.html.erb (Duration: 1.3ms | Allocations: 648)
  Rendered weight_histories/show.html.erb within layouts/application (Duration: 2.8ms | Allocations: 1267)
  Rendered layout layouts/application.html.erb (Duration: 4.2ms | Allocations: 2264)
Completed 200 OK in 7ms (Views: 4.5ms | ActiveRecord: 0.3ms | Allocations: 3530)


Started GET "/weight_histories" for ::1 at 2022-10-11 23:25:18 +0900
Processing by WeightHistoriesController#index as HTML
  Rendering layout layouts/application.html.erb
  Rendering weight_histories/index.html.erb within layouts/application
  [1m[36mWeightHistory Load (0.3ms)[0m  [1m[34mSELECT "weight_histories".* FROM "weight_histories"[0m
  â†³ app/views/weight_histories/index.html.erb:6
  [1m[36mUser Load (0.1ms)[0m  [1m[34mSELECT "users".* FROM "users" WHERE "users"."id" = ? LIMIT ?[0m  [["id", 1], ["LIMIT", 1]]
  â†³ app/views/weight_histories/_weight_history.html.erb:4
  Rendered weight_histories/_weight_history.html.erb (Duration: 1.5ms | Allocations: 649)
  [1m[36mUser Load (0.1ms)[0m  [1m[34mSELECT "users".* FROM "users" WHERE "users"."id" = ? LIMIT ?[0m  [["id", 2], ["LIMIT", 1]]
  â†³ app/views/weight_histories/_weight_history.html.erb:4
  Rendered weight_histories/_weight_history.html.erb (Duration: 1.3ms | Allocations: 651)
  [1m[36mUser Load (0.1ms)[0m  [1m[34mSELECT "users".* FROM "users" WHERE "users"."id" = ? LIMIT ?[0m  [["id", 3], ["LIMIT", 1]]
  â†³ app/views/weight_histories/_weight_history.html.erb:4
  Rendered weight_histories/_weight_history.html.erb (Duration: 1.6ms | Allocations: 651)
  Rendered weight_histories/index.html.erb within layouts/application (Duration: 8.2ms | Allocations: 3011)
  Rendered layout layouts/application.html.erb (Duration: 10.7ms | Allocations: 4017)
Completed 200 OK in 13ms (Views: 11.4ms | ActiveRecord: 0.7ms | Allocations: 4262)


Started GET "/weight_histories/1" for ::1 at 2022-10-11 23:27:20 +0900
  [1m[36mActiveRecord::SchemaMigration Pluck (0.2ms)[0m  [1m[34mSELECT "schema_migrations"."version" FROM "schema_migrations" ORDER BY "schema_migrations"."version" ASC[0m
Processing by WeightHistoriesController#show as HTML
  Parameters: {"id"=>"1"}
  [1m[36mWeightHistory Load (0.2ms)[0m  [1m[34mSELECT "weight_histories".* FROM "weight_histories" WHERE "weight_histories"."id" = ? LIMIT ?[0m  [["id", 1], ["LIMIT", 1]]
  â†³ app/controllers/weight_histories_controller.rb:60:in `set_weight_history'
  Rendering layout layouts/application.html.erb
  Rendering weight_histories/show.html.erb within layouts/application
  [1m[36mUser Load (0.1ms)[0m  [1m[34mSELECT "users".* FROM "users" WHERE "users"."id" = ? LIMIT ?[0m  [["id", 1], ["LIMIT", 1]]
  â†³ app/views/weight_histories/_weight_history.html.erb:4
  Rendered weight_histories/_weight_history.html.erb (Duration: 17.7ms | Allocations: 19637)
  Rendered weight_histories/show.html.erb within layouts/application (Duration: 21.5ms | Allocations: 20975)
  Rendered layout layouts/application.html.erb (Duration: 68.3ms | Allocations: 41805)
Completed 200 OK in 95ms (Views: 71.0ms | ActiveRecord: 1.4ms | Allocations: 66506)


Started GET "/weight_histories" for ::1 at 2022-10-11 23:27:22 +0900
Processing by WeightHistoriesController#index as HTML
  Rendering layout layouts/application.html.erb
  Rendering weight_histories/index.html.erb within layouts/application
  [1m[36mWeightHistory Load (0.3ms)[0m  [1m[34mSELECT "weight_histories".* FROM "weight_histories"[0m
  â†³ app/views/weight_histories/index.html.erb:6
  [1m[36mUser Load (0.1ms)[0m  [1m[34mSELECT "users".* FROM "users" WHERE "users"."id" = ? LIMIT ?[0m  [["id", 1], ["LIMIT", 1]]
  â†³ app/views/weight_histories/_weight_history.html.erb:4
  Rendered weight_histories/_weight_history.html.erb (Duration: 1.8ms | Allocations: 653)
  [1m[36mUser Load (0.1ms)[0m  [1m[34mSELECT "users".* FROM "users" WHERE "users"."id" = ? LIMIT ?[0m  [["id", 2], ["LIMIT", 1]]
  â†³ app/views/weight_histories/_weight_history.html.erb:4
  Rendered weight_histories/_weight_history.html.erb (Duration: 1.2ms | Allocations: 652)
  [1m[36mUser Load (0.2ms)[0m  [1m[34mSELECT "users".* FROM "users" WHERE "users"."id" = ? LIMIT ?[0m  [["id", 3], ["LIMIT", 1]]
  â†³ app/views/weight_histories/_weight_history.html.erb:4
  Rendered weight_histories/_weight_history.html.erb (Duration: 1.5ms | Allocations: 651)
  Rendered weight_histories/index.html.erb within layouts/application (Duration: 8.3ms | Allocations: 3264)
  Rendered layout layouts/application.html.erb (Duration: 9.9ms | Allocations: 4277)
Completed 200 OK in 12ms (Views: 9.9ms | ActiveRecord: 0.6ms | Allocations: 4612)


Started GET "/weight_histories/new" for ::1 at 2022-10-11 23:27:25 +0900
Processing by WeightHistoriesController#new as HTML
  Rendering layout layouts/application.html.erb
  Rendering weight_histories/new.html.erb within layouts/application
  Rendered weight_histories/_form.html.erb (Duration: 10.4ms | Allocations: 3764)
  Rendered weight_histories/new.html.erb within layouts/application (Duration: 11.9ms | Allocations: 4052)
  Rendered layout layouts/application.html.erb (Duration: 13.9ms | Allocations: 5062)
Completed 200 OK in 16ms (Views: 14.5ms | ActiveRecord: 0.0ms | Allocations: 5381)


Started POST "/weight_histories" for ::1 at 2022-10-11 23:27:31 +0900
Processing by WeightHistoriesController#create as HTML
  Parameters: {"authenticity_token"=>"[FILTERED]", "weight_history"=>{"user_id"=>"3", "weight"=>"0", "memo"=>""}, "commit"=>"Create Weight history"}
  [1m[36mTRANSACTION (0.2ms)[0m  [1m[36mbegin transaction[0m
  â†³ app/controllers/weight_histories_controller.rb:24:in `create'
  [1m[36mUser Load (0.3ms)[0m  [1m[34mSELECT "users".* FROM "users" WHERE "users"."id" = ? LIMIT ?[0m  [["id", 3], ["LIMIT", 1]]
  â†³ app/controllers/weight_histories_controller.rb:24:in `create'
  [1m[36mTRANSACTION (0.1ms)[0m  [1m[31mrollback transaction[0m
  â†³ app/controllers/weight_histories_controller.rb:24:in `create'
  Rendering layout layouts/application.html.erb
  Rendering weight_histories/new.html.erb within layouts/application
  Rendered weight_histories/_form.html.erb (Duration: 3.2ms | Allocations: 1332)
  Rendered weight_histories/new.html.erb within layouts/application (Duration: 3.6ms | Allocations: 1412)
  Rendered layout layouts/application.html.erb (Duration: 5.3ms | Allocations: 2411)
Completed 422 Unprocessable Entity in 27314ms (Views: 5.8ms | ActiveRecord: 0.6ms | Allocations: 51850)


